0 info it worked if it ends with ok
1 verbose cli [ 'node', '/usr/local/bin/npm', 'install', '-g', 'modernizr' ]
2 info using npm@2.7.4
3 info using node@v0.12.2
4 silly cache add args [ 'modernizr', null ]
5 verbose cache add spec modernizr
6 silly cache add parsed spec { raw: 'modernizr',
6 silly cache add   scope: null,
6 silly cache add   name: 'modernizr',
6 silly cache add   rawSpec: '',
6 silly cache add   spec: '*',
6 silly cache add   type: 'range' }
7 verbose addNamed modernizr@*
8 silly addNamed semver.valid null
9 silly addNamed semver.validRange *
10 silly addNameRange { name: 'modernizr', range: '*', hasData: false }
11 silly mapToRegistry name modernizr
12 silly mapToRegistry using default registry
13 silly mapToRegistry registry https://registry.npmjs.org/
14 silly mapToRegistry uri https://registry.npmjs.org/modernizr
15 verbose addNameRange registry:https://registry.npmjs.org/modernizr not in flight; fetching
16 verbose request uri https://registry.npmjs.org/modernizr
17 verbose request no auth needed
18 info attempt registry request try #1 at 2:45:02 AM
19 verbose request id 30b75a4f897a2d56
20 http request GET https://registry.npmjs.org/modernizr
21 http 200 https://registry.npmjs.org/modernizr
22 silly get cb [ 200,
22 silly get   { server: 'CouchDB/1.5.0 (Erlang OTP/R16B03)',
22 silly get     etag: '"AQJV9EOT9VD3HDC1PQ0544K39"',
22 silly get     'content-type': 'application/json',
22 silly get     'cache-control': 'max-age=60',
22 silly get     'content-length': '17054',
22 silly get     'accept-ranges': 'bytes',
22 silly get     date: 'Fri, 18 Sep 2015 07:45:02 GMT',
22 silly get     via: '1.1 varnish',
22 silly get     age: '0',
22 silly get     connection: 'keep-alive',
22 silly get     'x-served-by': 'cache-ord1723-ORD',
22 silly get     'x-cache': 'MISS',
22 silly get     'x-cache-hits': '0',
22 silly get     'x-timer': 'S1442562302.210021,VS0,VE71',
22 silly get     vary: 'Accept' } ]
23 verbose get saving modernizr to /Users/evashih/.npm/registry.npmjs.org/modernizr/.cache.json
24 silly addNameRange number 2 { name: 'modernizr', range: '*', hasData: true }
25 silly addNameRange versions [ 'modernizr',
25 silly addNameRange   [ '3.0.0-pre',
25 silly addNameRange     '3.0.0-alpha',
25 silly addNameRange     '3.0.0-alpha.2',
25 silly addNameRange     '3.0.0-alpha.3',
25 silly addNameRange     '3.0.0-alpha.4',
25 silly addNameRange     '3.0.0' ] ]
26 verbose addNamed modernizr@3.0.0
27 silly addNamed semver.valid 3.0.0
28 silly addNamed semver.validRange 3.0.0
29 silly mapToRegistry name modernizr
30 silly mapToRegistry using default registry
31 silly mapToRegistry registry https://registry.npmjs.org/
32 silly mapToRegistry uri https://registry.npmjs.org/modernizr
33 verbose addRemoteTarball https://registry.npmjs.org/modernizr/-/modernizr-3.0.0.tgz not in flight; adding
34 verbose addRemoteTarball [ 'https://registry.npmjs.org/modernizr/-/modernizr-3.0.0.tgz',
34 verbose addRemoteTarball   'c8f2db9ebcf97e68244b767269e54140dfaec5db' ]
35 info retry fetch attempt 1 at 2:45:02 AM
36 info attempt registry request try #1 at 2:45:02 AM
37 http fetch GET https://registry.npmjs.org/modernizr/-/modernizr-3.0.0.tgz
38 http fetch 200 https://registry.npmjs.org/modernizr/-/modernizr-3.0.0.tgz
39 silly fetchAndShaCheck shasum c8f2db9ebcf97e68244b767269e54140dfaec5db
40 verbose addTmpTarball /var/folders/w0/1ft28skj2793rvbgpnsvj_jc0000gn/T/npm-3842-be3adc7d/registry.npmjs.org/modernizr/-/modernizr-3.0.0.tgz not in flight; adding
41 verbose addTmpTarball already have metadata; skipping unpack for modernizr@3.0.0
42 silly cache afterAdd modernizr@3.0.0
43 verbose afterAdd /Users/evashih/.npm/modernizr/3.0.0/package/package.json not in flight; writing
44 verbose afterAdd /Users/evashih/.npm/modernizr/3.0.0/package/package.json written
45 silly install resolved [ { name: 'modernizr',
45 silly install resolved     version: '3.0.0',
45 silly install resolved     description: 'Modernizr is a JavaScript library that detects HTML5 and CSS3 features in the user’s browser.',
45 silly install resolved     directories: { test: 'test' },
45 silly install resolved     dependencies:
45 silly install resolved      { doctrine: '^0.6.4',
45 silly install resolved        file: '^0.2.2',
45 silly install resolved        'find-parent-dir': '^0.3.0',
45 silly install resolved        lodash: '^3.1.0',
45 silly install resolved        marked: '^0.2.8',
45 silly install resolved        mkdirp: '^0.5.0',
45 silly install resolved        requirejs: '^2.1.16',
45 silly install resolved        yargs: '^2.3.0' },
45 silly install resolved     devDependencies:
45 silly install resolved      { 'expect.js': '^0.3.1',
45 silly install resolved        grunt: '~0.4.0',
45 silly install resolved        'grunt-contrib-clean': '~0.4.0',
45 silly install resolved        'grunt-contrib-connect': '~0.5.0',
45 silly install resolved        'grunt-contrib-copy': '^0.8.0',
45 silly install resolved        'grunt-contrib-jade': '^0.14.1',
45 silly install resolved        'grunt-contrib-jshint': '^0.11.0',
45 silly install resolved        'grunt-coveralls': '^1.0.0',
45 silly install resolved        'grunt-env': '^0.4.2',
45 silly install resolved        'grunt-istanbul': '^0.4.0',
45 silly install resolved        'grunt-jscs': '^1.6.0',
45 silly install resolved        'grunt-mocha': '^0.4.11',
45 silly install resolved        'grunt-mocha-test': '^0.12.7',
45 silly install resolved        'grunt-saucelabs': '^8.6.0',
45 silly install resolved        joi: '^6.4.1',
45 silly install resolved        jquery: '^1.11.2',
45 silly install resolved        json3: '^3.3.2',
45 silly install resolved        'load-grunt-tasks': '~0.2.1',
45 silly install resolved        proxyquire: '^1.3.1' },
45 silly install resolved     scripts: { test: 'grunt test --stack' },
45 silly install resolved     main: './lib/cli',
45 silly install resolved     bin: { modernizr: './bin/modernizr' },
45 silly install resolved     repository: { type: 'git', url: 'git://github.com/Modernizr/Modernizr.git' },
45 silly install resolved     bugs: { url: 'https://github.com/Modernizr/Modernizr/issues' },
45 silly install resolved     inch: { files: [Object] },
45 silly install resolved     keywords: [ 'html5', 'css3', 'browser', 'feature detection' ],
45 silly install resolved     author: { name: 'Modernizr', url: 'http://modernizr.com/' },
45 silly install resolved     contributors:
45 silly install resolved      [ [Object],
45 silly install resolved        [Object],
45 silly install resolved        [Object],
45 silly install resolved        [Object],
45 silly install resolved        [Object],
45 silly install resolved        [Object],
45 silly install resolved        [Object],
45 silly install resolved        [Object] ],
45 silly install resolved     license: 'MIT',
45 silly install resolved     gitHead: 'a9a90192ea11dc0ff916431b40227734af9074b6',
45 silly install resolved     homepage: 'https://github.com/Modernizr/Modernizr#readme',
45 silly install resolved     _id: 'modernizr@3.0.0',
45 silly install resolved     _shasum: 'c8f2db9ebcf97e68244b767269e54140dfaec5db',
45 silly install resolved     _from: 'modernizr@*',
45 silly install resolved     _npmVersion: '2.14.2',
45 silly install resolved     _nodeVersion: '0.12.7',
45 silly install resolved     _npmUser: { name: 'patrickkettner', email: 'patrickkettner@gmail.com' },
45 silly install resolved     maintainers: [ [Object], [Object], [Object], [Object], [Object], [Object] ],
45 silly install resolved     dist:
45 silly install resolved      { shasum: 'c8f2db9ebcf97e68244b767269e54140dfaec5db',
45 silly install resolved        tarball: 'http://registry.npmjs.org/modernizr/-/modernizr-3.0.0.tgz' },
45 silly install resolved     _resolved: 'https://registry.npmjs.org/modernizr/-/modernizr-3.0.0.tgz' } ]
46 info install modernizr@3.0.0 into /usr/local/lib
47 info installOne modernizr@3.0.0
48 verbose installOne of modernizr to /usr/local/lib not in flight; installing
49 verbose lock using /Users/evashih/.npm/_locks/modernizr-b78d7ae04934ed31.lock for /usr/local/lib/node_modules/modernizr
50 silly install write writing modernizr 3.0.0 to /usr/local/lib/node_modules/modernizr
51 silly cache addNamed cb modernizr@3.0.0
52 verbose unbuild lib/node_modules/modernizr
53 silly gentlyRm /usr/local/lib/node_modules/modernizr is being purged from base /usr/local
54 verbose gentlyRm don't care about contents; nuking /usr/local/lib/node_modules/modernizr
55 verbose tar unpack /Users/evashih/.npm/modernizr/3.0.0/package.tgz
56 verbose tar unpacking to /usr/local/lib/node_modules/modernizr
57 silly gentlyRm /usr/local/lib/node_modules/modernizr is being purged
58 verbose gentlyRm don't care about contents; nuking /usr/local/lib/node_modules/modernizr
59 silly gunzTarPerm modes [ '755', '644' ]
60 error tar.unpack untar error /Users/evashih/.npm/modernizr/3.0.0/package.tgz
61 verbose unlock done using /Users/evashih/.npm/_locks/modernizr-b78d7ae04934ed31.lock for /usr/local/lib/node_modules/modernizr
62 verbose fstream_path /usr/local/lib/node_modules/modernizr
63 verbose fstream_type Directory
64 verbose fstream_class DirWriter
65 verbose stack Error: EACCES, mkdir '/usr/local/lib/node_modules/modernizr'
65 verbose stack     at Error (native)
66 verbose fstream_stack /usr/local/lib/node_modules/npm/node_modules/fstream/lib/dir-writer.js:36:23
66 verbose fstream_stack /usr/local/lib/node_modules/npm/node_modules/mkdirp/index.js:46:53
66 verbose fstream_stack FSReqWrap.oncomplete (fs.js:95:15)
67 verbose cwd /Users/evashih/Documents/Website
68 error Darwin 14.4.0
69 error argv "node" "/usr/local/bin/npm" "install" "-g" "modernizr"
70 error node v0.12.2
71 error npm  v2.7.4
72 error path /usr/local/lib/node_modules/modernizr
73 error code EACCES
74 error errno -13
75 error Error: EACCES, mkdir '/usr/local/lib/node_modules/modernizr'
75 error     at Error (native)
75 error  { [Error: EACCES, mkdir '/usr/local/lib/node_modules/modernizr']
75 error   errno: -13,
75 error   code: 'EACCES',
75 error   path: '/usr/local/lib/node_modules/modernizr',
75 error   fstream_type: 'Directory',
75 error   fstream_path: '/usr/local/lib/node_modules/modernizr',
75 error   fstream_class: 'DirWriter',
75 error   fstream_stack:
75 error    [ '/usr/local/lib/node_modules/npm/node_modules/fstream/lib/dir-writer.js:36:23',
75 error      '/usr/local/lib/node_modules/npm/node_modules/mkdirp/index.js:46:53',
75 error      'FSReqWrap.oncomplete (fs.js:95:15)' ] }
76 error Please try running this command again as root/Administrator.
77 verbose exit [ -13, true ]
78 verbose unbuild lib/node_modules/modernizr
79 silly gentlyRm /usr/local/lib/node_modules/modernizr is being purged from base /usr/local
80 verbose gentlyRm don't care about contents; nuking /usr/local/lib/node_modules/modernizr
